0 info it worked if it ends with ok
1 verbose cli [ '/usr/bin/nodejs', '/usr/bin/npm', 'start' ]
2 info using npm@3.5.2
3 info using node@v4.2.6
4 verbose run-script [ 'prestart', 'start', 'poststart' ]
5 info lifecycle Homework@~prestart: Homework@
6 silly lifecycle Homework@~prestart: no script for prestart, continuing
7 info lifecycle Homework@~start: Homework@
8 verbose lifecycle Homework@~start: unsafe-perm in lifecycle true
9 verbose lifecycle Homework@~start: PATH: /usr/share/npm/bin/node-gyp-bin:/var/www/html/foodfriend/node_modules/.bin:/home/ubuntu/bin:/home/ubuntu/.local/bin:/usr/local/sbin:/usr/local/bin:/usr/sbin:/usr/bin:/sbin:/bin:/usr/games:/usr/local/games:/snap/bin
10 verbose lifecycle Homework@~start: CWD: /var/www/html/foodfriend
11 silly lifecycle Homework@~start: Args: [ '-c', 'tsc && concurrently "tsc -w" "lite-server" ' ]
12 silly lifecycle Homework@~start: Returned: code: 2  signal: null
13 info lifecycle Homework@~start: Failed to exec start script
14 verbose stack Error: Homework@ start: `tsc && concurrently "tsc -w" "lite-server" `
14 verbose stack Exit status 2
14 verbose stack     at EventEmitter.<anonymous> (/usr/share/npm/lib/utils/lifecycle.js:232:16)
14 verbose stack     at emitTwo (events.js:87:13)
14 verbose stack     at EventEmitter.emit (events.js:172:7)
14 verbose stack     at ChildProcess.<anonymous> (/usr/share/npm/lib/utils/spawn.js:24:14)
14 verbose stack     at emitTwo (events.js:87:13)
14 verbose stack     at ChildProcess.emit (events.js:172:7)
14 verbose stack     at maybeClose (internal/child_process.js:821:16)
14 verbose stack     at Process.ChildProcess._handle.onexit (internal/child_process.js:211:5)
15 verbose pkgid Homework@
16 verbose cwd /var/www/html/foodfriend
17 error Linux 4.4.0-72-generic
18 error argv "/usr/bin/nodejs" "/usr/bin/npm" "start"
19 error node v4.2.6
20 error npm  v3.5.2
21 error code ELIFECYCLE
22 error Homework@ start: `tsc && concurrently "tsc -w" "lite-server" `
22 error Exit status 2
23 error Failed at the Homework@ start script 'tsc && concurrently "tsc -w" "lite-server" '.
23 error Make sure you have the latest version of node.js and npm installed.
23 error If you do, this is most likely a problem with the Homework package,
23 error not with npm itself.
23 error Tell the author that this fails on your system:
23 error     tsc && concurrently "tsc -w" "lite-server"
23 error You can get information on how to open an issue for this project with:
23 error     npm bugs Homework
23 error Or if that isn't available, you can get their info via:
23 error     npm owner ls Homework
23 error There is likely additional logging output above.
24 verbose exit [ 1, true ]
